// 重构日志: 1ae08b8e
// 重构日志: 67d6dc20
// 重构日志: 1624a106
// 重构日志: 002e92b6
// 重构日志: 5f1da7df
// 重构日志: 50361815
// 重构日志: 44c4ecae
// 重构日志: bcde4124
// 同步 ID: c56f5644 @ Sun Jul 12 12:21:56 UTC 2026
// 重构日志: 2c5a14e1
// 同步 ID: 2c3b8802 @ Tue Jul 14 00:52:35 UTC 2026
// 重构日志: 90084e64
// 同步 ID: 94f4fcff @ Tue Jul 14 12:22:08 UTC 2026
// 重构日志: 0f30f18d
// 重构日志: 1ab9bf6f
// 同步 ID: a078a169 @ Wed Jul 15 03:43:34 UTC 2026
// 重构日志: 51013ad4
// 重构日志: f0f660a9
// 同步 ID: fd9d0949 @ Fri Jul 17 11:42:39 UTC 2026
// 重构日志: 9d745829
// 同步 ID: 076ae133 @ Sat Jul 18 03:24:27 UTC 2026
// 重构日志: 4c875e65
// 同步 ID: e930371c @ Sat Jul 18 18:23:04 UTC 2026
// 同步 ID: 802575a5 @ Sun Jul 19 21:13:22 UTC 2026
// 重构日志: ef3a8d51
// 重构日志: 8213596e
// 同步 ID: 55ac9247 @ Wed Jul 22 04:30:04 UTC 2026
// 同步 ID: e2c5846c @ Wed Jul 22 07:15:57 UTC 2026
// 同步 ID: 64e7b950 @ Wed Jul 22 10:27:49 UTC 2026
// 同步 ID: 583f232d @ Wed Jul 22 14:32:49 UTC 2026
// 重构日志: 2606ed11
